<?xml version="1.0" encoding="UTF-8"?>
<testng-results ignored="0" total="1" passed="0" failed="1" skipped="0">
  <reporter-output>
  </reporter-output>
  <suite started-at="2021-12-16T18:27:18 IST" name="Suite" finished-at="2021-12-16T18:27:38 IST" duration-ms="19457">
    <groups>
    </groups>
    <test started-at="2021-12-16T18:27:18 IST" name="Test" finished-at="2021-12-16T18:27:38 IST" duration-ms="19457">
      <class name="com.tms.tests.StudentEnrollmentPageTest">
        <test-method is-config="true" signature="setUp([Ljava.lang.Object;)[pri:0, instance:com.tms.tests.StudentEnrollmentPageTest@1d296da]" started-at="2021-12-16T18:27:19 IST" name="setUp" finished-at="2021-12-16T18:27:25 IST" duration-ms="5782" status="PASS">
          <params>
            <param index="0">
              <value>
                <![CDATA[[Ljava.lang.Object;@31611954]]>
              </value>
            </param>
          </params>
          <reporter-output>
          </reporter-output>
        </test-method> <!-- setUp -->
        <test-method signature="AddStudentEnrollmentRecordTest(java.util.Map)[pri:0, instance:com.tms.tests.StudentEnrollmentPageTest@1d296da]" started-at="2021-12-16T18:27:25 IST" name="AddStudentEnrollmentRecordTest" description="Verify that user is able to add student enrollment record in TMS application" data-provider="getData" finished-at="2021-12-16T18:27:37 IST" duration-ms="12100" status="FAIL">
          <params>
            <param index="0">
              <value>
                <![CDATA[{FeesPaid=, Email=ronald@mailinator.com, Unit=, Scheduleinfodesc=, linkedIn URL=, reference=, Name3=Ronald Christian, password=123456, Billing Address=12 Mark Street, Remarks=Testing Student Enrollment, Postalcode=, Street=, confirmpassword=, Company uen=, Name2=, Threshold=, Contact Number=, Date Of Birth=10/10/1998, Company Contact Person=Roma Edward, Meal Restrictions Type=No, testname=AddStudentEnrollmentRecordTest, execute=yes, Experience=, submenu=, newpassword1=, name=, Block=, name1=, Building=, Description=, phonenumber=, EnterText=, Company Contact Person Number=85956525, Deadline Date=, browser=chrome, skill=, Mobile No=65253625, Email1=, Nric=S3010700D, Domain Area of Practice=, Room=, Billing Email=edward@mailinator.com, email=, Age=30, Notes=, Floor=, Maxintakesize=, menuname=Student Enrolment, Coursecode=, Company Contact Person Email=romaedward@mailinator.com, Coursevacdesc=, Scheduleinformation=, Company SME=Digital Marketing 1, TPGateway=, Billing Zip=256521, Minintakesize=, Payment Amount=799, oldpassword1=, Company Name=2Stallions, coursecode=, username=superadmin@mail.com, Scheduleinfo=}]]>
              </value>
            </param>
          </params>
          <exception class="java.lang.AssertionError">
            <message>
              <![CDATA[expected [Student Enrolment List - TMS] but found [Add Student Enrolment - TMS]]]>
            </message>
            <full-stacktrace>
              <![CDATA[java.lang.AssertionError: expected [Student Enrolment List - TMS] but found [Add Student Enrolment - TMS]
at org.testng.Assert.fail(Assert.java:99)
at org.testng.Assert.failNotEquals(Assert.java:1037)
at org.testng.Assert.assertEqualsImpl(Assert.java:140)
at org.testng.Assert.assertEquals(Assert.java:122)
at org.testng.Assert.assertEquals(Assert.java:629)
at org.testng.Assert.assertEquals(Assert.java:639)
at com.tms.tests.StudentEnrollmentPageTest.AddStudentEnrollmentRecordTest(StudentEnrollmentPageTest.java:70)
at java.base/jdk.internal.reflect.NativeMethodAccessorImpl.invoke0(Native Method)
at java.base/jdk.internal.reflect.NativeMethodAccessorImpl.invoke(NativeMethodAccessorImpl.java:77)
at java.base/jdk.internal.reflect.DelegatingMethodAccessorImpl.invoke(DelegatingMethodAccessorImpl.java:43)
at java.base/java.lang.reflect.Method.invoke(Method.java:568)
at org.testng.internal.MethodInvocationHelper.invokeMethod(MethodInvocationHelper.java:133)
at org.testng.internal.TestInvoker.invokeMethod(TestInvoker.java:598)
at org.testng.internal.TestInvoker.invokeTestMethod(TestInvoker.java:173)
at org.testng.internal.TestMethodWithDataProviderMethodWorker.call(TestMethodWithDataProviderMethodWorker.java:77)
at org.testng.internal.TestMethodWithDataProviderMethodWorker.call(TestMethodWithDataProviderMethodWorker.java:15)
at java.base/java.util.concurrent.FutureTask.run(FutureTask.java:264)
at java.base/java.util.concurrent.Executors$RunnableAdapter.call(Executors.java:539)
at java.base/java.util.concurrent.FutureTask.run(FutureTask.java:264)
at java.base/java.util.concurrent.ThreadPoolExecutor.runWorker(ThreadPoolExecutor.java:1136)
at java.base/java.util.concurrent.ThreadPoolExecutor$Worker.run(ThreadPoolExecutor.java:635)
at java.base/java.lang.Thread.run(Thread.java:833)
]]>
            </full-stacktrace>
          </exception> <!-- java.lang.AssertionError -->
          <reporter-output>
          </reporter-output>
        </test-method> <!-- AddStudentEnrollmentRecordTest -->
        <test-method is-config="true" signature="tearDown()[pri:0, instance:com.tms.tests.StudentEnrollmentPageTest@1d296da]" started-at="2021-12-16T18:27:38 IST" name="tearDown" finished-at="2021-12-16T18:27:38 IST" duration-ms="219" status="PASS">
          <reporter-output>
          </reporter-output>
        </test-method> <!-- tearDown -->
      </class> <!-- com.tms.tests.StudentEnrollmentPageTest -->
    </test> <!-- Test -->
  </suite> <!-- Suite -->
</testng-results>
